[debug] [2019-11-20T21:25:46.159Z] ----------------------------------------------------------------------
[debug] [2019-11-20T21:25:46.161Z] Command:       C:\Program Files\nodejs\node.exe C:\Users\admin\AppData\Roaming\npm\node_modules\firebase-tools\lib\bin\firebase.js serve
[debug] [2019-11-20T21:25:46.161Z] CLI Version:   7.7.0
[debug] [2019-11-20T21:25:46.161Z] Platform:      win32
[debug] [2019-11-20T21:25:46.161Z] Node Version:  v12.13.0
[debug] [2019-11-20T21:25:46.162Z] Time:          Wed Nov 20 2019 19:25:46 GMT-0200 (GMT-02:00)
[debug] [2019-11-20T21:25:46.162Z] ----------------------------------------------------------------------
[debug] [2019-11-20T21:25:46.162Z] 
[debug] [2019-11-20T21:25:46.192Z] > command requires scopes: ["email","openid","https://www.googleapis.com/auth/cloudplatformprojects.readonly","https://www.googleapis.com/auth/firebase","https://www.googleapis.com/auth/cloud-platform"]
[debug] [2019-11-20T21:25:46.194Z] > authorizing via signed-in user
[debug] [2019-11-20T21:25:46.194Z] [iam] checking project lab-open-house-6277 for permissions ["firebase.projects.get"]
[debug] [2019-11-20T21:25:46.198Z] > refreshing access token with scopes: ["email","https://www.googleapis.com/auth/cloud-platform","https://www.googleapis.com/auth/cloudplatformprojects.readonly","https://www.googleapis.com/auth/firebase","openid"]
[debug] [2019-11-20T21:25:46.198Z] >>> HTTP REQUEST POST https://www.googleapis.com/oauth2/v3/token  
 <request body omitted>
[debug] [2019-11-20T21:25:47.543Z] <<< HTTP RESPONSE 200
[debug] [2019-11-20T21:25:47.684Z] >>> HTTP REQUEST POST https://cloudresourcemanager.googleapis.com/v1/projects/lab-open-house-6277:testIamPermissions  

[debug] [2019-11-20T21:25:48.723Z] <<< HTTP RESPONSE 200
[debug] [2019-11-20T21:25:48.723Z] >>> HTTP REQUEST GET https://firebase.googleapis.com/v1beta1/projects/lab-open-house-6277  
 
[debug] [2019-11-20T21:25:51.160Z] <<< HTTP RESPONSE 200
[info] 
[info] === Serving from 'C:\Users\admin\Documents\Projetos\SAP003-open-house'...
[info] 
[debug] [2019-11-20T21:25:51.164Z] >>> HTTP REQUEST GET https://firebase.googleapis.com/v1beta1/projects/lab-open-house-6277/webApps/-/config  
 
[debug] [2019-11-20T21:25:51.679Z] <<< HTTP RESPONSE 200
[info] i  hosting: Serving hosting files from: src
[info] +  hosting: Local server: http://localhost:5000
